{"level":"\u001b[31merror\u001b[39m","message":"{\"method\":\"GET\",\"url\":\"/\",\"status\":\"429\",\"responseTime\":\"1.438\"}","timestamp":"2024-09-04T11:25:18.481Z"}
{"level":"\u001b[31merror\u001b[39m","message":"{\"method\":\"GET\",\"url\":\"/\",\"status\":\"429\",\"responseTime\":\"1.356\"}","timestamp":"2024-09-04T11:34:17.429Z"}
{"level":"\u001b[31merror\u001b[39m","message":"{\"method\":\"GET\",\"url\":\"/\",\"status\":\"429\",\"responseTime\":\"1.381\"}","timestamp":"2024-09-04T11:34:18.000Z"}
{"level":"\u001b[31merror\u001b[39m","message":"{\"method\":\"GET\",\"url\":\"/\",\"status\":\"429\",\"responseTime\":\"0.820\"}","timestamp":"2024-09-04T11:34:50.821Z"}
{"level":"\u001b[31merror\u001b[39m","message":"{\"method\":\"GET\",\"url\":\"/\",\"status\":\"429\",\"responseTime\":\"0.648\"}","timestamp":"2024-09-04T11:35:12.397Z"}
{"level":"\u001b[31merror\u001b[39m","message":"{\"method\":\"GET\",\"url\":\"/\",\"status\":\"429\",\"responseTime\":\"0.585\"}","timestamp":"2024-09-04T11:35:12.607Z"}
{"level":"\u001b[31merror\u001b[39m","message":"{\"method\":\"GET\",\"url\":\"/\",\"status\":\"429\",\"responseTime\":\"0.845\"}","timestamp":"2024-09-04T11:35:12.819Z"}
{"level":"\u001b[31merror\u001b[39m","message":"{\"method\":\"GET\",\"url\":\"/\",\"status\":\"429\",\"responseTime\":\"0.659\"}","timestamp":"2024-09-04T11:35:13.027Z"}
{"level":"\u001b[31merror\u001b[39m","message":"{\"method\":\"GET\",\"url\":\"/\",\"status\":\"429\",\"responseTime\":\"0.822\"}","timestamp":"2024-09-04T11:35:38.500Z"}
{"level":"\u001b[31merror\u001b[39m","message":"{\"method\":\"GET\",\"url\":\"/\",\"status\":\"429\",\"responseTime\":\"1.406\"}","timestamp":"2024-09-04T11:36:34.090Z"}
{"level":"\u001b[31merror\u001b[39m","message":"{\"method\":\"GET\",\"url\":\"/\",\"status\":\"429\",\"responseTime\":\"1.458\"}","timestamp":"2024-09-04T11:36:34.934Z"}
{"level":"\u001b[31merror\u001b[39m","message":"{\"method\":\"GET\",\"url\":\"/favicon.ico\",\"status\":\"404\",\"responseTime\":\"3.855\"}","timestamp":"2024-09-04T11:46:22.130Z"}
{"level":"\u001b[31merror\u001b[39m","message":"{\"method\":\"GET\",\"url\":\"/favicon.ico\",\"status\":\"404\",\"responseTime\":\"2.403\"}","timestamp":"2024-09-04T11:46:53.971Z"}
{"level":"\u001b[31merror\u001b[39m","message":"{\"method\":\"GET\",\"url\":\"/api/get\",\"status\":\"429\",\"responseTime\":\"1.975\"}","timestamp":"2024-09-04T11:47:13.092Z"}
{"level":"\u001b[31merror\u001b[39m","message":"{\"method\":\"GET\",\"url\":\"/api/get\",\"status\":\"429\",\"responseTime\":\"1.182\"}","timestamp":"2024-09-04T11:47:13.694Z"}
{"level":"\u001b[31merror\u001b[39m","message":"{\"method\":\"GET\",\"url\":\"/favicon.ico\",\"status\":\"404\",\"responseTime\":\"3.906\"}","timestamp":"2024-09-04T11:58:44.792Z"}
{"level":"\u001b[31merror\u001b[39m","message":"{\"method\":\"GET\",\"url\":\"/api/get\",\"status\":\"429\",\"responseTime\":\"1.548\"}","timestamp":"2024-09-04T11:59:04.533Z"}
{"level":"\u001b[31merror\u001b[39m","message":"{\"method\":\"GET\",\"url\":\"/api/get\",\"status\":\"429\",\"responseTime\":\"1.148\"}","timestamp":"2024-09-04T11:59:04.981Z"}
{"level":"\u001b[31merror\u001b[39m","message":"{\"method\":\"GET\",\"url\":\"/api/get\",\"status\":\"429\",\"responseTime\":\"1.540\"}","timestamp":"2024-09-04T12:12:06.345Z"}
{"level":"\u001b[31merror\u001b[39m","message":"{\"method\":\"GET\",\"url\":\"/api/get\",\"status\":\"429\",\"responseTime\":\"0.961\"}","timestamp":"2024-09-04T12:12:06.716Z"}
{"level":"\u001b[31merror\u001b[39m","message":"{\"method\":\"GET\",\"url\":\"/api/get\",\"status\":\"429\",\"responseTime\":\"1.022\"}","timestamp":"2024-09-04T12:12:07.127Z"}
{"level":"\u001b[31merror\u001b[39m","message":"{\"method\":\"GET\",\"url\":\"/health\",\"status\":\"500\",\"responseTime\":\"831.372\"}","timestamp":"2024-09-05T02:20:50.651Z"}
{"level":"\u001b[31merror\u001b[39m","message":"{\"method\":\"GET\",\"url\":\"/health\",\"status\":\"500\",\"responseTime\":\"878.677\"}","timestamp":"2024-09-05T02:21:43.265Z"}
{"level":"\u001b[31merror\u001b[39m","message":"{\"method\":\"GET\",\"url\":\"/health\",\"status\":\"500\",\"responseTime\":\"299.043\"}","timestamp":"2024-09-05T02:21:44.332Z"}
{"level":"\u001b[31merror\u001b[39m","message":"{\"method\":\"GET\",\"url\":\"/health\",\"status\":\"500\",\"responseTime\":\"829.396\"}","timestamp":"2024-09-05T02:23:35.992Z"}
{"level":"\u001b[31merror\u001b[39m","message":"{\"method\":\"GET\",\"url\":\"/health\",\"status\":\"500\",\"responseTime\":\"790.695\"}","timestamp":"2024-09-05T02:24:16.337Z"}
{"level":"\u001b[31merror\u001b[39m","message":"{\"method\":\"GET\",\"url\":\"/health\",\"status\":\"500\",\"responseTime\":\"913.394\"}","timestamp":"2024-09-05T02:27:15.459Z"}
{"level":"\u001b[31merror\u001b[39m","message":"{\"method\":\"GET\",\"url\":\"/health\",\"status\":\"500\",\"responseTime\":\"887.272\"}","timestamp":"2024-09-05T02:28:06.046Z"}
{"level":"\u001b[31merror\u001b[39m","message":"{\"method\":\"GET\",\"url\":\"/health\",\"status\":\"500\",\"responseTime\":\"307.641\"}","timestamp":"2024-09-05T02:28:07.306Z"}
{"level":"\u001b[31merror\u001b[39m","message":"{\"method\":\"GET\",\"url\":\"/health\",\"status\":\"500\",\"responseTime\":\"798.463\"}","timestamp":"2024-09-05T02:29:05.962Z"}
{"level":"\u001b[31merror\u001b[39m","message":"{\"method\":\"GET\",\"url\":\"/health\",\"status\":\"500\",\"responseTime\":\"874.568\"}","timestamp":"2024-09-05T02:29:24.485Z"}
{"level":"\u001b[31merror\u001b[39m","message":"{\"method\":\"GET\",\"url\":\"/health\",\"status\":\"500\",\"responseTime\":\"781.154\"}","timestamp":"2024-09-05T02:29:47.290Z"}
{"level":"\u001b[31merror\u001b[39m","message":"{\"method\":\"GET\",\"url\":\"/health\",\"status\":\"500\",\"responseTime\":\"1662.062\"}","timestamp":"2024-09-05T02:35:18.257Z"}
{"level":"\u001b[31merror\u001b[39m","message":"{\"method\":\"GET\",\"url\":\"/health\",\"status\":\"500\",\"responseTime\":\"838.040\"}","timestamp":"2024-09-05T02:35:50.228Z"}
{"level":"\u001b[31merror\u001b[39m","message":"{\"method\":\"GET\",\"url\":\"/health\",\"status\":\"500\",\"responseTime\":\"889.972\"}","timestamp":"2024-09-05T02:36:56.074Z"}
{"level":"\u001b[31merror\u001b[39m","message":"{\"method\":\"GET\",\"url\":\"/health\",\"status\":\"500\",\"responseTime\":\"832.021\"}","timestamp":"2024-09-05T02:37:06.305Z"}
{"level":"\u001b[31merror\u001b[39m","message":"{\"method\":\"GET\",\"url\":\"/health\",\"status\":\"500\",\"responseTime\":\"289.631\"}","timestamp":"2024-09-05T02:37:07.500Z"}
{"level":"\u001b[31merror\u001b[39m","message":"{\"method\":\"GET\",\"url\":\"/health\",\"status\":\"500\",\"responseTime\":\"291.341\"}","timestamp":"2024-09-05T02:37:08.492Z"}
{"level":"\u001b[31merror\u001b[39m","message":"{\"method\":\"GET\",\"url\":\"/health\",\"status\":\"500\",\"responseTime\":\"796.551\"}","timestamp":"2024-09-05T02:37:49.506Z"}
{"level":"\u001b[31merror\u001b[39m","message":"{\"method\":\"GET\",\"url\":\"/health\",\"status\":\"500\",\"responseTime\":\"905.260\"}","timestamp":"2024-09-05T02:38:17.680Z"}
{"level":"\u001b[31merror\u001b[39m","message":"{\"method\":\"GET\",\"url\":\"/health\",\"status\":\"500\",\"responseTime\":\"296.489\"}","timestamp":"2024-09-05T02:38:19.626Z"}
{"level":"\u001b[31merror\u001b[39m","message":"{\"method\":\"GET\",\"url\":\"/health\",\"status\":\"500\",\"responseTime\":\"290.411\"}","timestamp":"2024-09-05T02:38:20.614Z"}
{"level":"\u001b[31merror\u001b[39m","message":"{\"method\":\"GET\",\"url\":\"/health\",\"status\":\"500\",\"responseTime\":\"289.419\"}","timestamp":"2024-09-05T02:38:21.453Z"}
{"level":"\u001b[31merror\u001b[39m","message":"{\"method\":\"GET\",\"url\":\"/health\",\"status\":\"500\",\"responseTime\":\"291.482\"}","timestamp":"2024-09-05T02:38:22.242Z"}
{"level":"\u001b[31merror\u001b[39m","message":"{\"method\":\"GET\",\"url\":\"/health\",\"status\":\"500\",\"responseTime\":\"805.958\"}","timestamp":"2024-09-05T02:39:00.890Z"}
{"level":"\u001b[31merror\u001b[39m","message":"{\"method\":\"GET\",\"url\":\"/health\",\"status\":\"500\",\"responseTime\":\"297.032\"}","timestamp":"2024-09-05T02:39:03.994Z"}
{"level":"\u001b[31merror\u001b[39m","message":"{\"method\":\"GET\",\"url\":\"/health\",\"status\":\"500\",\"responseTime\":\"294.654\"}","timestamp":"2024-09-05T02:39:07.329Z"}
{"level":"\u001b[31merror\u001b[39m","message":"{\"method\":\"GET\",\"url\":\"/health\",\"status\":\"500\",\"responseTime\":\"297.669\"}","timestamp":"2024-09-05T02:39:07.996Z"}
{"level":"\u001b[31merror\u001b[39m","message":"{\"method\":\"GET\",\"url\":\"/health\",\"status\":\"500\",\"responseTime\":\"294.336\"}","timestamp":"2024-09-05T02:39:08.751Z"}
{"level":"\u001b[31merror\u001b[39m","message":"{\"method\":\"GET\",\"url\":\"/health\",\"status\":\"500\",\"responseTime\":\"298.102\"}","timestamp":"2024-09-05T02:39:09.480Z"}
{"level":"\u001b[31merror\u001b[39m","message":"{\"method\":\"GET\",\"url\":\"/health\",\"status\":\"500\",\"responseTime\":\"294.532\"}","timestamp":"2024-09-05T02:39:10.472Z"}
{"level":"\u001b[31merror\u001b[39m","message":"{\"method\":\"GET\",\"url\":\"/health\",\"status\":\"500\",\"responseTime\":\"296.734\"}","timestamp":"2024-09-05T02:39:11.263Z"}
{"level":"\u001b[31merror\u001b[39m","message":"{\"method\":\"GET\",\"url\":\"/health\",\"status\":\"500\",\"responseTime\":\"292.783\"}","timestamp":"2024-09-05T02:39:11.996Z"}
{"level":"\u001b[31merror\u001b[39m","message":"{\"method\":\"GET\",\"url\":\"/health\",\"status\":\"500\",\"responseTime\":\"303.037\"}","timestamp":"2024-09-05T02:39:12.814Z"}
{"level":"\u001b[31merror\u001b[39m","message":"{\"method\":\"GET\",\"url\":\"/health\",\"status\":\"500\",\"responseTime\":\"293.430\"}","timestamp":"2024-09-05T02:39:13.708Z"}
{"level":"\u001b[31merror\u001b[39m","message":"{\"method\":\"GET\",\"url\":\"/health\",\"status\":\"500\",\"responseTime\":\"294.473\"}","timestamp":"2024-09-05T02:39:14.299Z"}
{"level":"\u001b[31merror\u001b[39m","message":"{\"method\":\"GET\",\"url\":\"/health\",\"status\":\"500\",\"responseTime\":\"293.801\"}","timestamp":"2024-09-05T02:39:15.118Z"}
{"level":"\u001b[31merror\u001b[39m","message":"{\"method\":\"GET\",\"url\":\"/health\",\"status\":\"500\",\"responseTime\":\"296.944\"}","timestamp":"2024-09-05T02:39:15.841Z"}
{"level":"\u001b[31merror\u001b[39m","message":"{\"method\":\"GET\",\"url\":\"/health\",\"status\":\"500\",\"responseTime\":\"294.958\"}","timestamp":"2024-09-05T02:39:16.884Z"}
{"level":"\u001b[31merror\u001b[39m","message":"{\"method\":\"GET\",\"url\":\"/health\",\"status\":\"500\",\"responseTime\":\"321.952\"}","timestamp":"2024-09-05T02:39:17.584Z"}
{"level":"\u001b[31merror\u001b[39m","message":"{\"method\":\"GET\",\"url\":\"/health\",\"status\":\"500\",\"responseTime\":\"729.530\"}","timestamp":"2024-09-05T02:41:50.483Z"}
{"level":"\u001b[31merror\u001b[39m","message":"{\"method\":\"GET\",\"url\":\"/health\",\"status\":\"500\",\"responseTime\":\"771.980\"}","timestamp":"2024-09-05T02:45:16.739Z"}
{"level":"\u001b[31merror\u001b[39m","message":"{\"method\":\"GET\",\"url\":\"/health\",\"status\":\"500\",\"responseTime\":\"821.345\"}","timestamp":"2024-09-05T02:45:29.812Z"}
{"level":"\u001b[31merror\u001b[39m","message":"{\"method\":\"GET\",\"url\":\"/health\",\"status\":\"500\",\"responseTime\":\"287.880\"}","timestamp":"2024-09-05T02:45:30.788Z"}
{"level":"\u001b[31merror\u001b[39m","message":"{\"method\":\"GET\",\"url\":\"/health\",\"status\":\"500\",\"responseTime\":\"283.486\"}","timestamp":"2024-09-05T02:45:31.734Z"}
{"level":"\u001b[31merror\u001b[39m","message":"{\"method\":\"GET\",\"url\":\"/health\",\"status\":\"500\",\"responseTime\":\"282.157\"}","timestamp":"2024-09-05T02:45:32.620Z"}
{"level":"\u001b[31merror\u001b[39m","message":"{\"method\":\"GET\",\"url\":\"/health\",\"status\":\"500\",\"responseTime\":\"841.685\"}","timestamp":"2024-09-05T02:45:57.515Z"}
{"level":"\u001b[31merror\u001b[39m","message":"{\"method\":\"GET\",\"url\":\"/health\",\"status\":\"500\",\"responseTime\":\"300.617\"}","timestamp":"2024-09-05T02:45:59.367Z"}
{"level":"\u001b[31merror\u001b[39m","message":"{\"method\":\"GET\",\"url\":\"/health\",\"status\":\"500\",\"responseTime\":\"841.030\"}","timestamp":"2024-09-05T02:46:04.221Z"}
{"level":"\u001b[31merror\u001b[39m","message":"{\"method\":\"GET\",\"url\":\"/health\",\"status\":\"500\",\"responseTime\":\"302.665\"}","timestamp":"2024-09-05T02:46:07.947Z"}
{"level":"\u001b[31merror\u001b[39m","message":"{\"method\":\"GET\",\"url\":\"/health\",\"status\":\"500\",\"responseTime\":\"294.012\"}","timestamp":"2024-09-05T02:46:09.025Z"}
{"level":"\u001b[31merror\u001b[39m","message":"{\"method\":\"GET\",\"url\":\"/health\",\"status\":\"500\",\"responseTime\":\"296.547\"}","timestamp":"2024-09-05T02:46:09.995Z"}
{"level":"\u001b[31merror\u001b[39m","message":"{\"method\":\"GET\",\"url\":\"/health\",\"status\":\"500\",\"responseTime\":\"299.430\"}","timestamp":"2024-09-05T02:46:10.963Z"}
{"level":"\u001b[31merror\u001b[39m","message":"{\"method\":\"GET\",\"url\":\"/health\",\"status\":\"500\",\"responseTime\":\"757.694\"}","timestamp":"2024-09-05T02:46:36.471Z"}
{"level":"\u001b[31merror\u001b[39m","message":"{\"method\":\"GET\",\"url\":\"/health\",\"status\":\"500\",\"responseTime\":\"858.170\"}","timestamp":"2024-09-05T02:46:52.651Z"}
{"level":"\u001b[31merror\u001b[39m","message":"{\"method\":\"GET\",\"url\":\"/api/v1/health-check\",\"status\":\"500\",\"responseTime\":\"796.994\"}","timestamp":"2024-09-05T02:47:45.396Z"}
{"level":"\u001b[31merror\u001b[39m","message":"{\"method\":\"GET\",\"url\":\"/api/v1/health-check\",\"status\":\"500\",\"responseTime\":\"285.432\"}","timestamp":"2024-09-05T02:47:48.974Z"}
{"level":"\u001b[31merror\u001b[39m","message":"{\"method\":\"GET\",\"url\":\"/api/v1/health-check\",\"status\":\"500\",\"responseTime\":\"284.786\"}","timestamp":"2024-09-05T02:47:49.913Z"}
{"level":"\u001b[31merror\u001b[39m","message":"{\"method\":\"GET\",\"url\":\"/api/v1/health-check\",\"status\":\"500\",\"responseTime\":\"902.988\"}","timestamp":"2024-09-05T04:32:35.502Z"}
{"level":"\u001b[31merror\u001b[39m","message":"{\"method\":\"GET\",\"url\":\"/api/v1/health-check\",\"status\":\"500\",\"responseTime\":\"299.996\"}","timestamp":"2024-09-05T04:32:36.896Z"}
{"level":"\u001b[31merror\u001b[39m","message":"{\"method\":\"GET\",\"url\":\"/api/v1/health-check\",\"status\":\"500\",\"responseTime\":\"300.875\"}","timestamp":"2024-09-05T04:32:38.054Z"}
{"level":"\u001b[31merror\u001b[39m","message":"{\"method\":\"GET\",\"url\":\"/api/v1/health-check\",\"status\":\"500\",\"responseTime\":\"737.182\"}","timestamp":"2024-09-05T04:32:56.320Z"}
{"level":"\u001b[31merror\u001b[39m","message":"{\"method\":\"GET\",\"url\":\"/api/v1/health-check\",\"status\":\"500\",\"responseTime\":\"290.550\"}","timestamp":"2024-09-05T04:32:57.177Z"}
{"level":"\u001b[31merror\u001b[39m","message":"{\"method\":\"GET\",\"url\":\"/api/v1/health-check\",\"status\":\"500\",\"responseTime\":\"282.392\"}","timestamp":"2024-09-05T04:32:58.054Z"}
{"level":"\u001b[31merror\u001b[39m","message":"{\"method\":\"GET\",\"url\":\"/api/v1/health-check\",\"status\":\"500\",\"responseTime\":\"279.791\"}","timestamp":"2024-09-05T04:33:01.594Z"}
{"level":"\u001b[31merror\u001b[39m","message":"{\"method\":\"GET\",\"url\":\"/api/v1/health-check\",\"status\":\"500\",\"responseTime\":\"280.758\"}","timestamp":"2024-09-05T04:33:02.623Z"}
{"level":"\u001b[31merror\u001b[39m","message":"{\"method\":\"GET\",\"url\":\"/api/v1/health-check\",\"status\":\"500\",\"responseTime\":\"283.837\"}","timestamp":"2024-09-05T04:33:03.422Z"}
{"level":"\u001b[31merror\u001b[39m","message":"{\"method\":\"GET\",\"url\":\"/api/v1/health-check\",\"status\":\"500\",\"responseTime\":\"280.037\"}","timestamp":"2024-09-05T04:33:04.225Z"}
{"level":"\u001b[31merror\u001b[39m","message":"{\"method\":\"GET\",\"url\":\"/api/v1/health-check\",\"status\":\"500\",\"responseTime\":\"883.543\"}","timestamp":"2024-09-05T04:41:13.601Z"}
{"level":"\u001b[31merror\u001b[39m","message":"{\"method\":\"GET\",\"url\":\"/api/v1/health-check\",\"status\":\"500\",\"responseTime\":\"861.046\"}","timestamp":"2024-09-05T04:42:54.885Z"}
{"level":"\u001b[31merror\u001b[39m","message":"{\"method\":\"GET\",\"url\":\"/api/v1/health-check\",\"status\":\"500\",\"responseTime\":\"785.251\"}","timestamp":"2024-09-05T04:43:21.559Z"}
{"level":"\u001b[31merror\u001b[39m","message":"{\"method\":\"GET\",\"url\":\"/api/v1/health-check\",\"status\":\"500\",\"responseTime\":\"1094.146\"}","timestamp":"2024-09-05T04:44:25.180Z"}
{"level":"\u001b[31merror\u001b[39m","message":"{\"method\":\"GET\",\"url\":\"/api/v1/health-check\",\"status\":\"500\",\"responseTime\":\"875.753\"}","timestamp":"2024-09-05T04:58:59.934Z"}
{"level":"\u001b[31merror\u001b[39m","message":"{\"method\":\"GET\",\"url\":\"/api/v1/health-check\",\"status\":\"500\",\"responseTime\":\"309.995\"}","timestamp":"2024-09-05T04:59:01.296Z"}
{"level":"\u001b[31merror\u001b[39m","message":"{\"method\":\"GET\",\"url\":\"/favicon.ico\",\"status\":\"404\",\"responseTime\":\"18.751\"}","timestamp":"2024-09-05T05:03:04.117Z"}
{"level":"\u001b[31merror\u001b[39m","message":"{\"method\":\"GET\",\"url\":\"/\",\"status\":\"404\",\"responseTime\":\"2.385\"}","timestamp":"2024-09-05T05:03:05.021Z"}
{"level":"\u001b[31merror\u001b[39m","message":"{\"method\":\"GET\",\"url\":\"/\",\"status\":\"404\",\"responseTime\":\"2.053\"}","timestamp":"2024-09-05T05:03:09.480Z"}
{"level":"\u001b[31merror\u001b[39m","message":"{\"method\":\"GET\",\"url\":\"/api/v1/health-check\",\"status\":\"500\",\"responseTime\":\"1209.010\"}","timestamp":"2024-09-05T05:08:24.466Z"}
{"level":"\u001b[31merror\u001b[39m","message":"{\"method\":\"GET\",\"url\":\"/api/v1/health-check\",\"status\":\"500\",\"responseTime\":\"321.650\"}","timestamp":"2024-09-05T05:08:25.653Z"}
{"level":"\u001b[31merror\u001b[39m","message":"{\"method\":\"GET\",\"url\":\"/api/v1/health-check\",\"status\":\"500\",\"responseTime\":\"767.624\"}","timestamp":"2024-09-05T05:08:36.757Z"}
{"level":"\u001b[31merror\u001b[39m","message":"{\"method\":\"GET\",\"url\":\"/api/v1/health-check\",\"status\":\"500\",\"responseTime\":\"291.863\"}","timestamp":"2024-09-05T05:08:37.692Z"}
{"level":"\u001b[31merror\u001b[39m","message":"{\"method\":\"GET\",\"url\":\"/api/v1/health-check\",\"status\":\"500\",\"responseTime\":\"876.110\"}","timestamp":"2024-09-05T05:09:17.110Z"}
{"level":"\u001b[31merror\u001b[39m","message":"{\"method\":\"GET\",\"url\":\"/api/v1/health-check\",\"status\":\"500\",\"responseTime\":\"951.456\"}","timestamp":"2024-09-05T06:26:17.405Z"}
{"level":"\u001b[31merror\u001b[39m","message":"{\"method\":\"GET\",\"url\":\"/api/v1/health-check\",\"status\":\"500\",\"responseTime\":\"299.078\"}","timestamp":"2024-09-05T06:26:18.943Z"}
{"level":"\u001b[31merror\u001b[39m","message":"{\"method\":\"GET\",\"url\":\"/api/v1/health-check\",\"status\":\"500\",\"responseTime\":\"862.921\"}","timestamp":"2024-09-05T06:29:53.757Z"}
{"level":"\u001b[31merror\u001b[39m","message":"{\"method\":\"GET\",\"url\":\"/api/v1/health-check\",\"status\":\"500\",\"responseTime\":\"873.761\"}","timestamp":"2024-09-05T06:35:59.838Z"}
{"level":"\u001b[31merror\u001b[39m","message":"{\"method\":\"GET\",\"url\":\"/api/v1/health-check\",\"status\":\"500\",\"responseTime\":\"840.694\"}","timestamp":"2024-09-05T07:03:23.538Z"}
{"level":"\u001b[31merror\u001b[39m","message":"{\"method\":\"GET\",\"url\":\"/api/v1/health-check\",\"status\":\"500\",\"responseTime\":\"308.251\"}","timestamp":"2024-09-05T07:03:25.332Z"}
{"level":"\u001b[31merror\u001b[39m","message":"{\"method\":\"GET\",\"url\":\"/api/v1/health-check\",\"status\":\"500\",\"responseTime\":\"311.515\"}","timestamp":"2024-09-05T07:03:26.590Z"}
{"level":"\u001b[31merror\u001b[39m","message":"{\"method\":\"GET\",\"url\":\"/api/v1/health-check\",\"status\":\"500\",\"responseTime\":\"769.961\"}","timestamp":"2024-09-05T07:04:04.980Z"}
{"level":"\u001b[31merror\u001b[39m","message":"{\"method\":\"GET\",\"url\":\"/api/v1/health-check\",\"status\":\"500\",\"responseTime\":\"288.779\"}","timestamp":"2024-09-05T07:04:06.007Z"}
{"level":"\u001b[31merror\u001b[39m","message":"{\"method\":\"GET\",\"url\":\"/api/v1/health-check\",\"status\":\"500\",\"responseTime\":\"288.343\"}","timestamp":"2024-09-05T07:04:06.983Z"}
{"level":"\u001b[31merror\u001b[39m","message":"{\"method\":\"GET\",\"url\":\"/api/v1/health-check\",\"status\":\"500\",\"responseTime\":\"832.155\"}","timestamp":"2024-09-05T07:21:10.823Z"}
{"level":"\u001b[31merror\u001b[39m","message":"{\"method\":\"GET\",\"url\":\"/api/v1/health-check\",\"status\":\"500\",\"responseTime\":\"315.177\"}","timestamp":"2024-09-05T07:21:13.324Z"}
{"level":"\u001b[31merror\u001b[39m","message":"{\"method\":\"GET\",\"url\":\"/api/v1/health-check\",\"status\":\"500\",\"responseTime\":\"305.390\"}","timestamp":"2024-09-05T07:21:14.496Z"}
{"level":"\u001b[31merror\u001b[39m","message":"{\"method\":\"GET\",\"url\":\"/api/v1/health-check\",\"status\":\"500\",\"responseTime\":\"299.679\"}","timestamp":"2024-09-05T07:21:17.151Z"}
{"level":"\u001b[31merror\u001b[39m","message":"{\"method\":\"GET\",\"url\":\"/api/v1/health-check\",\"status\":\"500\",\"responseTime\":\"300.367\"}","timestamp":"2024-09-05T07:21:18.196Z"}
{"level":"\u001b[31merror\u001b[39m","message":"{\"method\":\"GET\",\"url\":\"/api/v1/health-check\",\"status\":\"500\",\"responseTime\":\"298.274\"}","timestamp":"2024-09-05T07:21:19.194Z"}
{"level":"\u001b[31merror\u001b[39m","message":"{\"method\":\"GET\",\"url\":\"/api/v1/health-check\",\"status\":\"500\",\"responseTime\":\"301.901\"}","timestamp":"2024-09-05T07:21:22.712Z"}
{"level":"\u001b[31merror\u001b[39m","message":"{\"method\":\"GET\",\"url\":\"/api/v1/health-check\",\"status\":\"500\",\"responseTime\":\"301.890\"}","timestamp":"2024-09-05T07:21:23.562Z"}
{"level":"\u001b[31merror\u001b[39m","message":"{\"method\":\"GET\",\"url\":\"/api/v1/health-check\",\"status\":\"500\",\"responseTime\":\"301.278\"}","timestamp":"2024-09-05T07:21:24.457Z"}
{"level":"\u001b[31merror\u001b[39m","message":"{\"method\":\"GET\",\"url\":\"/api/v1/health-check\",\"status\":\"500\",\"responseTime\":\"300.282\"}","timestamp":"2024-09-05T07:21:25.820Z"}
{"level":"\u001b[31merror\u001b[39m","message":"{\"method\":\"GET\",\"url\":\"/api/v1/health-check\",\"status\":\"500\",\"responseTime\":\"297.660\"}","timestamp":"2024-09-05T07:21:27.225Z"}
{"level":"\u001b[31merror\u001b[39m","message":"{\"method\":\"GET\",\"url\":\"/api/v1/health-check\",\"status\":\"500\",\"responseTime\":\"296.218\"}","timestamp":"2024-09-05T07:21:28.099Z"}
{"level":"\u001b[31merror\u001b[39m","message":"{\"method\":\"GET\",\"url\":\"/api/v1/health-check\",\"status\":\"500\",\"responseTime\":\"296.010\"}","timestamp":"2024-09-05T07:21:29.165Z"}
{"level":"\u001b[31merror\u001b[39m","message":"{\"method\":\"GET\",\"url\":\"/api/v1/health-check\",\"status\":\"500\",\"responseTime\":\"306.555\"}","timestamp":"2024-09-05T07:21:29.971Z"}
{"level":"\u001b[31merror\u001b[39m","message":"{\"method\":\"GET\",\"url\":\"/api/v1/health-check\",\"status\":\"500\",\"responseTime\":\"299.475\"}","timestamp":"2024-09-05T07:21:30.879Z"}
{"level":"\u001b[31merror\u001b[39m","message":"{\"method\":\"GET\",\"url\":\"/api/v1/health-check\",\"status\":\"500\",\"responseTime\":\"297.692\"}","timestamp":"2024-09-05T07:21:31.722Z"}
{"level":"\u001b[31merror\u001b[39m","message":"{\"method\":\"GET\",\"url\":\"/api/v1/health-check\",\"status\":\"500\",\"responseTime\":\"298.468\"}","timestamp":"2024-09-05T07:21:32.562Z"}
{"level":"\u001b[31merror\u001b[39m","message":"{\"method\":\"GET\",\"url\":\"/api/v1/health-check\",\"status\":\"500\",\"responseTime\":\"834.536\"}","timestamp":"2024-09-05T07:21:34.580Z"}
{"level":"\u001b[31merror\u001b[39m","message":"{\"method\":\"GET\",\"url\":\"/api/v1/health-check\",\"status\":\"500\",\"responseTime\":\"293.984\"}","timestamp":"2024-09-05T07:21:35.615Z"}
{"level":"\u001b[31merror\u001b[39m","message":"{\"method\":\"GET\",\"url\":\"/api/v1/health-check\",\"status\":\"500\",\"responseTime\":\"801.540\"}","timestamp":"2024-09-05T07:22:03.864Z"}
{"level":"\u001b[31merror\u001b[39m","message":"{\"method\":\"GET\",\"url\":\"/api/v1/health-check\",\"status\":\"500\",\"responseTime\":\"846.319\"}","timestamp":"2024-09-05T07:22:51.392Z"}
{"level":"\u001b[31merror\u001b[39m","message":"{\"method\":\"GET\",\"url\":\"/api/v1/health-check\",\"status\":\"500\",\"responseTime\":\"315.797\"}","timestamp":"2024-09-05T07:22:53.226Z"}
{"level":"\u001b[31merror\u001b[39m","message":"{\"method\":\"GET\",\"url\":\"/api/v1/health-check\",\"status\":\"500\",\"responseTime\":\"335.303\"}","timestamp":"2024-09-05T07:22:54.248Z"}
{"level":"\u001b[31merror\u001b[39m","message":"{\"method\":\"GET\",\"url\":\"/api/v1/health-check\",\"status\":\"500\",\"responseTime\":\"1105.777\"}","timestamp":"2024-09-05T07:23:04.797Z"}
{"level":"\u001b[31merror\u001b[39m","message":"{\"method\":\"GET\",\"url\":\"/api/v1/health-check\",\"status\":\"500\",\"responseTime\":\"326.610\"}","timestamp":"2024-09-05T07:23:06.536Z"}
{"level":"\u001b[31merror\u001b[39m","message":"{\"method\":\"GET\",\"url\":\"/api/v1/health-check\",\"status\":\"500\",\"responseTime\":\"304.860\"}","timestamp":"2024-09-05T07:23:07.897Z"}
{"level":"\u001b[31merror\u001b[39m","message":"{\"method\":\"GET\",\"url\":\"/api/v1/health-check\",\"status\":\"500\",\"responseTime\":\"789.094\"}","timestamp":"2024-09-05T07:23:41.766Z"}
{"level":"\u001b[31merror\u001b[39m","message":"{\"method\":\"GET\",\"url\":\"/api/v1/health-check\",\"status\":\"500\",\"responseTime\":\"288.105\"}","timestamp":"2024-09-05T07:23:42.931Z"}
{"level":"\u001b[31merror\u001b[39m","message":"{\"method\":\"GET\",\"url\":\"/api/v1/health-check\",\"status\":\"500\",\"responseTime\":\"845.781\"}","timestamp":"2024-09-05T07:24:44.731Z"}
{"level":"\u001b[31merror\u001b[39m","message":"{\"method\":\"GET\",\"url\":\"/api/v1/health-check\",\"status\":\"500\",\"responseTime\":\"769.832\"}","timestamp":"2024-09-05T07:25:04.977Z"}
{"level":"\u001b[31merror\u001b[39m","message":"{\"method\":\"GET\",\"url\":\"/api/v1/health-check\",\"status\":\"500\",\"responseTime\":\"286.105\"}","timestamp":"2024-09-05T07:25:06.005Z"}
{"level":"\u001b[31merror\u001b[39m","message":"{\"method\":\"GET\",\"url\":\"/api/v1/health-check\",\"status\":\"500\",\"responseTime\":\"292.430\"}","timestamp":"2024-09-05T07:25:07.679Z"}
{"level":"\u001b[31merror\u001b[39m","message":"{\"method\":\"GET\",\"url\":\"/api/v1/health-check\",\"status\":\"500\",\"responseTime\":\"802.269\"}","timestamp":"2024-09-05T07:25:16.562Z"}
{"level":"\u001b[31merror\u001b[39m","message":"{\"method\":\"GET\",\"url\":\"/api/v1/health-check\",\"status\":\"500\",\"responseTime\":\"288.397\"}","timestamp":"2024-09-05T07:25:17.718Z"}
{"level":"\u001b[31merror\u001b[39m","message":"{\"method\":\"GET\",\"url\":\"/api/v1/health-check\",\"status\":\"500\",\"responseTime\":\"783.834\"}","timestamp":"2024-09-05T07:25:33.556Z"}
{"level":"\u001b[31merror\u001b[39m","message":"{\"method\":\"GET\",\"url\":\"/api/v1/health-check\",\"status\":\"500\",\"responseTime\":\"750.985\"}","timestamp":"2024-09-05T07:25:47.925Z"}
{"level":"\u001b[31merror\u001b[39m","message":"{\"method\":\"GET\",\"url\":\"/api/v1/health-check\",\"status\":\"500\",\"responseTime\":\"296.311\"}","timestamp":"2024-09-05T07:25:51.100Z"}
{"level":"\u001b[31merror\u001b[39m","message":"{\"method\":\"GET\",\"url\":\"/api/v1/health-check\",\"status\":\"500\",\"responseTime\":\"293.009\"}","timestamp":"2024-09-05T07:25:52.030Z"}
{"level":"\u001b[31merror\u001b[39m","message":"{\"method\":\"GET\",\"url\":\"/api/v1/health-check\",\"status\":\"500\",\"responseTime\":\"297.174\"}","timestamp":"2024-09-05T07:25:52.943Z"}
{"level":"\u001b[31merror\u001b[39m","message":"{\"method\":\"GET\",\"url\":\"/api/v1/health-check\",\"status\":\"500\",\"responseTime\":\"294.507\"}","timestamp":"2024-09-05T07:25:53.808Z"}
{"level":"\u001b[31merror\u001b[39m","message":"{\"method\":\"GET\",\"url\":\"/api/v1/health-check\",\"status\":\"500\",\"responseTime\":\"294.239\"}","timestamp":"2024-09-05T07:25:54.600Z"}
{"level":"\u001b[31merror\u001b[39m","message":"{\"method\":\"GET\",\"url\":\"/api/v1/health-check\",\"status\":\"500\",\"responseTime\":\"293.801\"}","timestamp":"2024-09-05T07:25:55.416Z"}
{"level":"\u001b[31merror\u001b[39m","message":"{\"method\":\"GET\",\"url\":\"/api/v1/health-check\",\"status\":\"500\",\"responseTime\":\"294.359\"}","timestamp":"2024-09-05T07:25:56.181Z"}
{"level":"\u001b[31merror\u001b[39m","message":"{\"method\":\"GET\",\"url\":\"/api/v1/health-check\",\"status\":\"500\",\"responseTime\":\"858.370\"}","timestamp":"2024-09-05T07:26:07.138Z"}
{"level":"\u001b[31merror\u001b[39m","message":"{\"method\":\"GET\",\"url\":\"/api/v1/health-check\",\"status\":\"500\",\"responseTime\":\"1189.748\"}","timestamp":"2024-09-05T07:29:44.241Z"}
{"level":"\u001b[31merror\u001b[39m","message":"{\"method\":\"GET\",\"url\":\"/api/v1/health-check\",\"status\":\"500\",\"responseTime\":\"839.909\"}","timestamp":"2024-09-05T07:29:54.788Z"}
{"level":"\u001b[31merror\u001b[39m","message":"{\"method\":\"GET\",\"url\":\"/api/v1/health-check\",\"status\":\"500\",\"responseTime\":\"292.417\"}","timestamp":"2024-09-05T07:29:55.774Z"}
{"level":"\u001b[31merror\u001b[39m","message":"{\"method\":\"GET\",\"url\":\"/api/v1/health-check\",\"status\":\"500\",\"responseTime\":\"1010.797\"}","timestamp":"2024-09-05T07:52:21.577Z"}
{"level":"\u001b[31merror\u001b[39m","message":"{\"method\":\"GET\",\"url\":\"/api/v1/health-check\",\"status\":\"500\",\"responseTime\":\"311.547\"}","timestamp":"2024-09-05T07:52:22.952Z"}
{"level":"\u001b[31merror\u001b[39m","message":"{\"method\":\"GET\",\"url\":\"/api/v1/health-check\",\"status\":\"500\",\"responseTime\":\"306.452\"}","timestamp":"2024-09-05T07:52:26.360Z"}
{"level":"\u001b[31merror\u001b[39m","message":"{\"method\":\"GET\",\"url\":\"/api/v1/health-check\",\"status\":\"500\",\"responseTime\":\"844.709\"}","timestamp":"2024-09-05T07:53:58.077Z"}
{"level":"\u001b[31merror\u001b[39m","message":"{\"method\":\"POST\",\"url\":\"/user/\",\"status\":\"404\",\"responseTime\":\"3.120\"}","timestamp":"2024-09-05T09:24:14.150Z"}
{"level":"\u001b[31merror\u001b[39m","message":"{\"method\":\"POST\",\"url\":\"/user/\",\"status\":\"404\",\"responseTime\":\"1.677\"}","timestamp":"2024-09-05T09:24:17.993Z"}
{"level":"\u001b[31merror\u001b[39m","message":"{\"method\":\"POST\",\"url\":\"/user/\",\"status\":\"404\",\"responseTime\":\"0.557\"}","timestamp":"2024-09-05T09:24:18.864Z"}
{"level":"\u001b[31merror\u001b[39m","message":"{\"method\":\"POST\",\"url\":\"/users/\",\"status\":\"404\",\"responseTime\":\"0.717\"}","timestamp":"2024-09-05T09:24:24.667Z"}
{"level":"\u001b[31merror\u001b[39m","message":"{\"method\":\"POST\",\"url\":\"/users/\",\"status\":\"404\",\"responseTime\":\"1.218\"}","timestamp":"2024-09-05T09:24:25.705Z"}
{"level":"\u001b[31merror\u001b[39m","message":"{\"method\":\"POST\",\"url\":\"/users/\",\"status\":\"404\",\"responseTime\":\"3.534\"}","timestamp":"2024-09-05T09:24:47.047Z"}
{"level":"\u001b[31merror\u001b[39m","message":"{\"method\":\"POST\",\"url\":\"/users/\",\"status\":\"404\",\"responseTime\":\"2.432\"}","timestamp":"2024-09-05T09:24:47.779Z"}
{"level":"\u001b[31merror\u001b[39m","message":"{\"method\":\"POST\",\"url\":\"/users/\",\"status\":\"404\",\"responseTime\":\"0.716\"}","timestamp":"2024-09-05T09:24:48.361Z"}
{"level":"\u001b[31merror\u001b[39m","message":"{\"method\":\"POST\",\"url\":\"/users/\",\"status\":\"404\",\"responseTime\":\"1.329\"}","timestamp":"2024-09-05T09:24:58.502Z"}
{"level":"\u001b[31merror\u001b[39m","message":"{\"method\":\"POST\",\"url\":\"/users/\",\"status\":\"404\",\"responseTime\":\"2.221\"}","timestamp":"2024-09-05T09:24:59.081Z"}
{"level":"\u001b[31merror\u001b[39m","message":"{\"method\":\"POST\",\"url\":\"/users/\",\"status\":\"404\",\"responseTime\":\"0.803\"}","timestamp":"2024-09-05T09:24:59.521Z"}
{"level":"\u001b[31merror\u001b[39m","message":"{\"method\":\"POST\",\"url\":\"/users/\",\"status\":\"404\",\"responseTime\":\"3.334\"}","timestamp":"2024-09-05T09:25:57.919Z"}
{"level":"\u001b[31merror\u001b[39m","message":"{\"method\":\"POST\",\"url\":\"/users/\",\"status\":\"404\",\"responseTime\":\"1.013\"}","timestamp":"2024-09-05T09:25:58.515Z"}
{"level":"\u001b[31merror\u001b[39m","message":"{\"method\":\"POST\",\"url\":\"/users/\",\"status\":\"404\",\"responseTime\":\"3.482\"}","timestamp":"2024-09-05T09:26:45.778Z"}
{"level":"\u001b[31merror\u001b[39m","message":"{\"method\":\"POST\",\"url\":\"/users/\",\"status\":\"404\",\"responseTime\":\"2.072\"}","timestamp":"2024-09-05T09:26:46.381Z"}
{"level":"\u001b[31merror\u001b[39m","message":"{\"method\":\"POST\",\"url\":\"/users/\",\"status\":\"404\",\"responseTime\":\"0.883\"}","timestamp":"2024-09-05T09:26:46.855Z"}
{"level":"\u001b[31merror\u001b[39m","message":"{\"method\":\"POST\",\"url\":\"/users/\",\"status\":\"404\",\"responseTime\":\"0.726\"}","timestamp":"2024-09-05T09:26:47.325Z"}
{"level":"\u001b[31merror\u001b[39m","message":"{\"method\":\"POST\",\"url\":\"/users/\",\"status\":\"404\",\"responseTime\":\"2.049\"}","timestamp":"2024-09-05T09:27:02.716Z"}
{"level":"\u001b[31merror\u001b[39m","message":"{\"method\":\"POST\",\"url\":\"/users/\",\"status\":\"404\",\"responseTime\":\"1.105\"}","timestamp":"2024-09-05T09:27:03.342Z"}
{"level":"\u001b[31merror\u001b[39m","message":"{\"method\":\"POST\",\"url\":\"/users/\",\"status\":\"404\",\"responseTime\":\"0.816\"}","timestamp":"2024-09-05T09:27:03.853Z"}
{"level":"\u001b[31merror\u001b[39m","message":"{\"method\":\"POST\",\"url\":\"/users/\",\"status\":\"404\",\"responseTime\":\"0.802\"}","timestamp":"2024-09-05T09:27:04.263Z"}
{"level":"\u001b[31merror\u001b[39m","message":"{\"method\":\"POST\",\"url\":\"/users/\",\"status\":\"404\",\"responseTime\":\"1.634\"}","timestamp":"2024-09-05T09:27:04.673Z"}
{"level":"\u001b[31merror\u001b[39m","message":"{\"method\":\"POST\",\"url\":\"/users/\",\"status\":\"404\",\"responseTime\":\"0.850\"}","timestamp":"2024-09-05T09:27:05.235Z"}
{"level":"\u001b[31merror\u001b[39m","message":"{\"method\":\"POST\",\"url\":\"/users/\",\"status\":\"404\",\"responseTime\":\"1.337\"}","timestamp":"2024-09-05T09:27:05.828Z"}
{"level":"\u001b[31merror\u001b[39m","message":"{\"method\":\"POST\",\"url\":\"/users/\",\"status\":\"404\",\"responseTime\":\"0.364\"}","timestamp":"2024-09-05T09:27:06.164Z"}
{"level":"\u001b[31merror\u001b[39m","message":"{\"method\":\"POST\",\"url\":\"/users/\",\"status\":\"404\",\"responseTime\":\"1.370\"}","timestamp":"2024-09-05T09:27:06.605Z"}
{"level":"\u001b[31merror\u001b[39m","message":"{\"method\":\"POST\",\"url\":\"/users/\",\"status\":\"404\",\"responseTime\":\"2.313\"}","timestamp":"2024-09-05T09:27:22.027Z"}
{"level":"\u001b[31merror\u001b[39m","message":"{\"method\":\"POST\",\"url\":\"/users/\",\"status\":\"500\",\"responseTime\":\"3.471\"}","timestamp":"2024-09-05T09:37:19.882Z"}
{"level":"\u001b[31merror\u001b[39m","message":"{\"method\":\"POST\",\"url\":\"/users/\",\"status\":\"500\",\"responseTime\":\"2.358\"}","timestamp":"2024-09-05T09:37:21.245Z"}
{"level":"\u001b[31merror\u001b[39m","message":"{\"method\":\"POST\",\"url\":\"/users/\",\"status\":\"500\",\"responseTime\":\"4.175\"}","timestamp":"2024-09-05T09:39:19.595Z"}
{"level":"\u001b[31merror\u001b[39m","message":"{\"method\":\"POST\",\"url\":\"/users/\",\"status\":\"500\",\"responseTime\":\"1.900\"}","timestamp":"2024-09-05T09:39:20.756Z"}
{"level":"\u001b[31merror\u001b[39m","message":"{\"method\":\"POST\",\"url\":\"/users/\",\"status\":\"500\",\"responseTime\":\"4.383\"}","timestamp":"2024-09-05T09:41:05.139Z"}
{"level":"\u001b[31merror\u001b[39m","message":"{\"method\":\"POST\",\"url\":\"/users/\",\"status\":\"500\",\"responseTime\":\"2.308\"}","timestamp":"2024-09-05T09:41:05.729Z"}
{"level":"\u001b[31merror\u001b[39m","message":"{\"method\":\"POST\",\"url\":\"/users/\",\"status\":\"500\",\"responseTime\":\"0.402\"}","timestamp":"2024-09-05T09:41:06.196Z"}
{"level":"\u001b[31merror\u001b[39m","message":"{\"method\":\"POST\",\"url\":\"/users/\",\"status\":\"500\",\"responseTime\":\"1.353\"}","timestamp":"2024-09-05T09:41:06.700Z"}
{"level":"\u001b[31merror\u001b[39m","message":"{\"method\":\"POST\",\"url\":\"/users/\",\"status\":\"500\",\"responseTime\":\"1.748\"}","timestamp":"2024-09-05T09:41:07.168Z"}
{"level":"\u001b[31merror\u001b[39m","message":"{\"method\":\"POST\",\"url\":\"/users/\",\"status\":\"500\",\"responseTime\":\"0.518\"}","timestamp":"2024-09-05T09:41:07.658Z"}
{"level":"\u001b[31merror\u001b[39m","message":"{\"method\":\"POST\",\"url\":\"/users/\",\"status\":\"500\",\"responseTime\":\"1.017\"}","timestamp":"2024-09-05T09:41:08.164Z"}
{"level":"\u001b[31merror\u001b[39m","message":"{\"method\":\"POST\",\"url\":\"/users/\",\"status\":\"500\",\"responseTime\":\"0.981\"}","timestamp":"2024-09-05T09:41:08.679Z"}
{"level":"\u001b[31merror\u001b[39m","message":"{\"method\":\"POST\",\"url\":\"/users/\",\"status\":\"500\",\"responseTime\":\"1.611\"}","timestamp":"2024-09-05T09:41:09.190Z"}
{"level":"\u001b[31merror\u001b[39m","message":"{\"method\":\"POST\",\"url\":\"/users/\",\"status\":\"500\",\"responseTime\":\"1.826\"}","timestamp":"2024-09-05T09:41:09.693Z"}
{"level":"\u001b[31merror\u001b[39m","message":"{\"method\":\"POST\",\"url\":\"/api/get\",\"status\":\"404\",\"responseTime\":\"1.732\"}","timestamp":"2024-09-05T09:41:23.843Z"}
{"level":"\u001b[31merror\u001b[39m","message":"{\"method\":\"POST\",\"url\":\"/api/get\",\"status\":\"404\",\"responseTime\":\"1.513\"}","timestamp":"2024-09-05T09:41:24.409Z"}
{"level":"\u001b[31merror\u001b[39m","message":"{\"method\":\"POST\",\"url\":\"/api/get\",\"status\":\"404\",\"responseTime\":\"0.394\"}","timestamp":"2024-09-05T09:41:25.043Z"}
{"level":"\u001b[31merror\u001b[39m","message":"{\"method\":\"POST\",\"url\":\"/api/get\",\"status\":\"404\",\"responseTime\":\"0.886\"}","timestamp":"2024-09-05T09:41:25.671Z"}
{"level":"\u001b[31merror\u001b[39m","message":"{\"method\":\"GET\",\"url\":\"/api/get\",\"status\":\"429\",\"responseTime\":\"1.317\"}","timestamp":"2024-09-05T09:41:30.916Z"}
{"level":"\u001b[31merror\u001b[39m","message":"{\"method\":\"GET\",\"url\":\"/api/get\",\"status\":\"429\",\"responseTime\":\"1.718\"}","timestamp":"2024-09-05T09:41:31.855Z"}
{"level":"\u001b[31merror\u001b[39m","message":"{\"method\":\"GET\",\"url\":\"/api/get\",\"status\":\"429\",\"responseTime\":\"0.290\"}","timestamp":"2024-09-05T09:41:32.436Z"}
{"level":"\u001b[31merror\u001b[39m","message":"{\"method\":\"GET\",\"url\":\"/api/get\",\"status\":\"429\",\"responseTime\":\"1.166\"}","timestamp":"2024-09-05T09:41:33.007Z"}
{"level":"\u001b[31merror\u001b[39m","message":"{\"method\":\"GET\",\"url\":\"/api/get\",\"status\":\"429\",\"responseTime\":\"1.764\"}","timestamp":"2024-09-05T09:41:33.546Z"}
{"level":"\u001b[31merror\u001b[39m","message":"{\"method\":\"GET\",\"url\":\"/api/get\",\"status\":\"429\",\"responseTime\":\"1.275\"}","timestamp":"2024-09-05T09:41:34.151Z"}
{"level":"\u001b[31merror\u001b[39m","message":"{\"method\":\"GET\",\"url\":\"/api/get\",\"status\":\"429\",\"responseTime\":\"1.383\"}","timestamp":"2024-09-05T09:41:34.730Z"}
{"level":"\u001b[31merror\u001b[39m","message":"{\"method\":\"GET\",\"url\":\"/api/get\",\"status\":\"429\",\"responseTime\":\"1.643\"}","timestamp":"2024-09-05T09:41:35.341Z"}
{"level":"\u001b[31merror\u001b[39m","message":"{\"method\":\"GET\",\"url\":\"/api/get\",\"status\":\"429\",\"responseTime\":\"1.614\"}","timestamp":"2024-09-05T09:41:35.948Z"}
{"level":"\u001b[31merror\u001b[39m","message":"{\"method\":\"GET\",\"url\":\"/api/get\",\"status\":\"429\",\"responseTime\":\"1.161\"}","timestamp":"2024-09-05T09:41:36.529Z"}
{"level":"\u001b[31merror\u001b[39m","message":"{\"method\":\"GET\",\"url\":\"/api/get\",\"status\":\"429\",\"responseTime\":\"1.305\"}","timestamp":"2024-09-05T09:41:37.087Z"}
{"level":"\u001b[31merror\u001b[39m","message":"{\"method\":\"GET\",\"url\":\"/api/get\",\"status\":\"429\",\"responseTime\":\"0.832\"}","timestamp":"2024-09-05T09:41:37.664Z"}
{"level":"\u001b[31merror\u001b[39m","message":"{\"method\":\"GET\",\"url\":\"/users/\",\"status\":\"404\",\"responseTime\":\"4.309\"}","timestamp":"2024-09-05T09:42:57.186Z"}
{"level":"\u001b[31merror\u001b[39m","message":"{\"method\":\"GET\",\"url\":\"/users/\",\"status\":\"404\",\"responseTime\":\"1.191\"}","timestamp":"2024-09-05T09:42:57.781Z"}
{"level":"\u001b[31merror\u001b[39m","message":"{\"method\":\"POST\",\"url\":\"/users/\",\"status\":\"500\",\"responseTime\":\"1.302\"}","timestamp":"2024-09-05T09:43:04.813Z"}
{"level":"\u001b[31merror\u001b[39m","message":"{\"method\":\"POST\",\"url\":\"/users/\",\"status\":\"500\",\"responseTime\":\"0.989\"}","timestamp":"2024-09-05T09:43:05.531Z"}
{"level":"\u001b[31merror\u001b[39m","message":"{\"method\":\"POST\",\"url\":\"/users/\",\"status\":\"500\",\"responseTime\":\"3.970\"}","timestamp":"2024-09-05T09:43:59.618Z"}
{"level":"\u001b[31merror\u001b[39m","message":"{\"method\":\"POST\",\"url\":\"/users/\",\"status\":\"500\",\"responseTime\":\"1.990\"}","timestamp":"2024-09-05T09:44:00.712Z"}
{"level":"\u001b[31merror\u001b[39m","message":"{\"method\":\"POST\",\"url\":\"/users/\",\"status\":\"500\",\"responseTime\":\"1.585\"}","timestamp":"2024-09-05T09:44:01.288Z"}
{"level":"\u001b[31merror\u001b[39m","message":"{\"method\":\"POST\",\"url\":\"/users/\",\"status\":\"500\",\"responseTime\":\"4.564\"}","timestamp":"2024-09-05T09:44:19.790Z"}
{"level":"\u001b[31merror\u001b[39m","message":"{\"method\":\"POST\",\"url\":\"/users/\",\"status\":\"500\",\"responseTime\":\"1.924\"}","timestamp":"2024-09-05T09:44:21.217Z"}
{"level":"\u001b[31merror\u001b[39m","message":"{\"method\":\"POST\",\"url\":\"/users/\",\"status\":\"500\",\"responseTime\":\"3.860\"}","timestamp":"2024-09-05T09:44:59.669Z"}
{"level":"\u001b[31merror\u001b[39m","message":"{\"method\":\"POST\",\"url\":\"/users/\",\"status\":\"500\",\"responseTime\":\"1.879\"}","timestamp":"2024-09-05T09:45:00.334Z"}
{"level":"\u001b[31merror\u001b[39m","message":"{\"method\":\"POST\",\"url\":\"/users/\",\"status\":\"500\",\"responseTime\":\"8.612\"}","timestamp":"2024-09-05T09:45:00.943Z"}
{"level":"\u001b[31merror\u001b[39m","message":"{\"method\":\"POST\",\"url\":\"/users/\",\"status\":\"500\",\"responseTime\":\"0.962\"}","timestamp":"2024-09-05T09:45:01.774Z"}
{"level":"\u001b[31merror\u001b[39m","message":"{\"method\":\"POST\",\"url\":\"/users/\",\"status\":\"500\",\"responseTime\":\"1.013\"}","timestamp":"2024-09-05T09:45:08.397Z"}
{"level":"\u001b[31merror\u001b[39m","message":"{\"method\":\"POST\",\"url\":\"/users/\",\"status\":\"500\",\"responseTime\":\"0.308\"}","timestamp":"2024-09-05T09:45:08.977Z"}
{"level":"\u001b[31merror\u001b[39m","message":"{\"method\":\"POST\",\"url\":\"/users/\",\"status\":\"500\",\"responseTime\":\"4.318\"}","timestamp":"2024-09-05T09:45:20.624Z"}
{"level":"\u001b[31merror\u001b[39m","message":"{\"method\":\"POST\",\"url\":\"/users/\",\"status\":\"500\",\"responseTime\":\"1.937\"}","timestamp":"2024-09-05T09:45:21.359Z"}
{"level":"\u001b[31merror\u001b[39m","message":"{\"method\":\"POST\",\"url\":\"/users/\",\"status\":\"500\",\"responseTime\":\"4.303\"}","timestamp":"2024-09-05T09:45:38.928Z"}
{"level":"\u001b[31merror\u001b[39m","message":"{\"method\":\"POST\",\"url\":\"/users/\",\"status\":\"500\",\"responseTime\":\"1.021\"}","timestamp":"2024-09-05T09:45:39.566Z"}
{"level":"\u001b[31merror\u001b[39m","message":"{\"method\":\"POST\",\"url\":\"/users/\",\"status\":\"500\",\"responseTime\":\"1.725\"}","timestamp":"2024-09-05T09:45:40.128Z"}
{"level":"\u001b[31merror\u001b[39m","message":"{\"method\":\"POST\",\"url\":\"/users/\",\"status\":\"500\",\"responseTime\":\"0.913\"}","timestamp":"2024-09-05T09:45:48.537Z"}
{"level":"\u001b[31merror\u001b[39m","message":"{\"method\":\"POST\",\"url\":\"/users/\",\"status\":\"500\",\"responseTime\":\"3.628\"}","timestamp":"2024-09-05T09:45:49.885Z"}
{"level":"\u001b[31merror\u001b[39m","message":"{\"method\":\"POST\",\"url\":\"/users/\",\"status\":\"500\",\"responseTime\":\"1.920\"}","timestamp":"2024-09-05T09:45:50.577Z"}
{"level":"\u001b[31merror\u001b[39m","message":"{\"method\":\"POST\",\"url\":\"/users/\",\"status\":\"500\",\"responseTime\":\"1.454\"}","timestamp":"2024-09-05T09:45:51.316Z"}
{"level":"\u001b[31merror\u001b[39m","message":"{\"method\":\"POST\",\"url\":\"/users/\",\"status\":\"500\",\"responseTime\":\"4.128\"}","timestamp":"2024-09-05T09:45:57.504Z"}
{"level":"\u001b[31merror\u001b[39m","message":"{\"method\":\"POST\",\"url\":\"/users/\",\"status\":\"500\",\"responseTime\":\"0.859\"}","timestamp":"2024-09-05T09:45:58.145Z"}
{"level":"\u001b[31merror\u001b[39m","message":"{\"method\":\"POST\",\"url\":\"/users/\",\"status\":\"500\",\"responseTime\":\"0.927\"}","timestamp":"2024-09-05T09:46:03.666Z"}
{"level":"\u001b[31merror\u001b[39m","message":"{\"method\":\"POST\",\"url\":\"/users/\",\"status\":\"500\",\"responseTime\":\"4.094\"}","timestamp":"2024-09-05T09:46:20.548Z"}
{"level":"\u001b[31merror\u001b[39m","message":"{\"method\":\"POST\",\"url\":\"/users/\",\"status\":\"500\",\"responseTime\":\"3.059\"}","timestamp":"2024-09-05T09:46:21.260Z"}
{"level":"\u001b[31merror\u001b[39m","message":"{\"method\":\"POST\",\"url\":\"/users/\",\"status\":\"404\",\"responseTime\":\"3.532\"}","timestamp":"2024-09-05T09:50:44.944Z"}
{"level":"\u001b[31merror\u001b[39m","message":"{\"method\":\"POST\",\"url\":\"/users/\",\"status\":\"404\",\"responseTime\":\"1.677\"}","timestamp":"2024-09-05T09:50:46.059Z"}
{"level":"\u001b[31merror\u001b[39m","message":"{\"method\":\"POST\",\"url\":\"/api/v1/users/\",\"status\":\"404\",\"responseTime\":\"3.368\"}","timestamp":"2024-09-05T09:51:10.169Z"}
{"level":"\u001b[31merror\u001b[39m","message":"{\"method\":\"POST\",\"url\":\"/api/v1/users/\",\"status\":\"404\",\"responseTime\":\"2.700\"}","timestamp":"2024-09-05T09:51:12.442Z"}
{"level":"\u001b[31merror\u001b[39m","message":"{\"method\":\"POST\",\"url\":\"/api/v1/users/\",\"status\":\"500\",\"responseTime\":\"4.395\"}","timestamp":"2024-09-05T09:51:19.795Z"}
{"level":"\u001b[31merror\u001b[39m","message":"{\"method\":\"POST\",\"url\":\"/api/v1/users/\",\"status\":\"500\",\"responseTime\":\"1.211\"}","timestamp":"2024-09-05T09:51:21.459Z"}
{"level":"\u001b[31merror\u001b[39m","message":"{\"method\":\"POST\",\"url\":\"/api/v1/users/\",\"status\":\"500\",\"responseTime\":\"1.850\"}","timestamp":"2024-09-05T09:51:53.438Z"}
{"level":"\u001b[31merror\u001b[39m","message":"{\"method\":\"POST\",\"url\":\"/api/v1/users/\",\"status\":\"500\",\"responseTime\":\"1.626\"}","timestamp":"2024-09-05T09:51:58.824Z"}
{"level":"\u001b[31merror\u001b[39m","message":"{\"method\":\"GET\",\"url\":\"/api/v1/users/\",\"status\":\"404\",\"responseTime\":\"5.246\"}","timestamp":"2024-09-05T10:48:40.676Z"}
{"level":"\u001b[31merror\u001b[39m","message":"{\"method\":\"GET\",\"url\":\"/api/v1/users/\",\"status\":\"404\",\"responseTime\":\"2.106\"}","timestamp":"2024-09-05T10:48:41.854Z"}
{"level":"\u001b[31merror\u001b[39m","message":"{\"method\":\"GET\",\"url\":\"/api/v1/users/\",\"status\":\"404\",\"responseTime\":\"4.303\"}","timestamp":"2024-09-05T10:49:49.702Z"}
{"level":"\u001b[31merror\u001b[39m","message":"{\"method\":\"POST\",\"url\":\"/api/v1/users/\",\"status\":\"500\",\"responseTime\":\"2.176\"}","timestamp":"2024-09-05T10:49:51.419Z"}
{"level":"\u001b[31merror\u001b[39m","message":"{\"method\":\"GET\",\"url\":\"/api/v1/users/\",\"status\":\"404\",\"responseTime\":\"5.383\"}","timestamp":"2024-09-05T11:11:52.938Z"}
{"level":"\u001b[31merror\u001b[39m","message":"{\"method\":\"GET\",\"url\":\"/api/v1/users/\",\"status\":\"404\",\"responseTime\":\"2.099\"}","timestamp":"2024-09-05T11:11:53.814Z"}
{"level":"\u001b[31merror\u001b[39m","message":"{\"method\":\"POST\",\"url\":\"/api/v1/users/\",\"status\":\"500\",\"responseTime\":\"1.835\"}","timestamp":"2024-09-05T11:11:55.584Z"}
{"level":"\u001b[31merror\u001b[39m","message":"{\"method\":\"POST\",\"url\":\"/api/v1/users/\",\"status\":\"500\",\"responseTime\":\"2.008\"}","timestamp":"2024-09-05T11:11:57.321Z"}
{"level":"\u001b[31merror\u001b[39m","message":"{\"method\":\"GET\",\"url\":\"/api/v1/users\",\"status\":\"404\",\"responseTime\":\"7.603\"}","timestamp":"2024-09-05T11:21:28.180Z"}
{"level":"\u001b[31merror\u001b[39m","message":"{\"method\":\"GET\",\"url\":\"/api/v1/users/\",\"status\":\"404\",\"responseTime\":\"4.257\"}","timestamp":"2024-09-05T11:36:30.506Z"}
{"level":"\u001b[31merror\u001b[39m","message":"{\"method\":\"GET\",\"url\":\"/favicon.ico\",\"status\":\"404\",\"responseTime\":\"5.703\"}","timestamp":"2024-09-05T11:38:14.477Z"}
{"level":"\u001b[31merror\u001b[39m","message":"{\"method\":\"GET\",\"url\":\"/api/v1/health-check\",\"status\":\"500\",\"responseTime\":\"984.169\"}","timestamp":"2024-09-05T11:38:24.025Z"}
{"level":"\u001b[31merror\u001b[39m","message":"{\"method\":\"GET\",\"url\":\"/api/v1/health-check\",\"status\":\"500\",\"responseTime\":\"823.443\"}","timestamp":"2024-09-05T11:38:36.604Z"}
{"level":"\u001b[31merror\u001b[39m","message":"{\"method\":\"GET\",\"url\":\"/api/v1/health-check\",\"status\":\"500\",\"responseTime\":\"293.297\"}","timestamp":"2024-09-05T11:38:39.121Z"}
{"level":"\u001b[31merror\u001b[39m","message":"{\"method\":\"GET\",\"url\":\"/api/v1/health-check\",\"status\":\"500\",\"responseTime\":\"311.872\"}","timestamp":"2024-09-05T11:38:40.707Z"}
{"level":"\u001b[31merror\u001b[39m","message":"{\"method\":\"GET\",\"url\":\"/api/v1/health-check\",\"status\":\"500\",\"responseTime\":\"294.454\"}","timestamp":"2024-09-05T11:38:45.113Z"}
{"level":"\u001b[31merror\u001b[39m","message":"{\"method\":\"GET\",\"url\":\"/favicon.ico\",\"status\":\"404\",\"responseTime\":\"1.099\"}","timestamp":"2024-09-05T11:38:45.365Z"}
{"level":"\u001b[31merror\u001b[39m","message":"{\"method\":\"GET\",\"url\":\"/api/v1/users\",\"status\":\"404\",\"responseTime\":\"6.975\"}","timestamp":"2024-09-05T11:46:22.036Z"}
{"level":"\u001b[31merror\u001b[39m","message":"{\"method\":\"GET\",\"url\":\"/api/v1/users/\",\"status\":\"404\",\"responseTime\":\"2.080\"}","timestamp":"2024-09-05T11:46:59.006Z"}
{"level":"\u001b[31merror\u001b[39m","message":"{\"method\":\"GET\",\"url\":\"/api/v1/users/\",\"status\":\"404\",\"responseTime\":\"0.974\"}","timestamp":"2024-09-05T11:48:07.651Z"}
{"level":"\u001b[31merror\u001b[39m","message":"{\"method\":\"GET\",\"url\":\"/api/v1/users/\",\"status\":\"404\",\"responseTime\":\"0.618\"}","timestamp":"2024-09-05T11:48:11.836Z"}
{"level":"\u001b[31merror\u001b[39m","message":"{\"method\":\"GET\",\"url\":\"/api/v1/users/\",\"status\":\"404\",\"responseTime\":\"1.547\"}","timestamp":"2024-09-05T11:48:48.588Z"}
